answer.gram
answer_kws.txt
cmudict-en-us.dict
cmusphinx-en-us-ptm-5.2/README
cmusphinx-en-us-ptm-5.2/feat.params
cmusphinx-en-us-ptm-5.2/mdef
cmusphinx-en-us-ptm-5.2/means
cmusphinx-en-us-ptm-5.2/mixture_weights
cmusphinx-en-us-ptm-5.2/noisedict
cmusphinx-en-us-ptm-5.2/sendump
cmusphinx-en-us-ptm-5.2/transition_matrices
cmusphinx-en-us-ptm-5.2/variances
digits.gram
en-phone.dmp
en-us-ptm/README
en-us-ptm/feat.params
en-us-ptm/mdef
en-us-ptm/means
en-us-ptm/noisedict
en-us-ptm/sendump
en-us-ptm/transition_matrices
en-us-ptm/variances
menu.gram
shape.dict
shape.lm
weather.dmp